<?xml version="1.0" encoding="UTF-8"?>
<!DOCTYPE suite SYSTEM "http://testng.org/testng-1.0.dtd">
<suite name="Default Suite">
    <test name="annotation">
        <classes>
            <class name="local.example.testng.annotation.Sequencing">
                <methods>
                    <include name="testCase1"/>
                </methods>
            </class> <!-- local.example.testng.annotation.Sequencing -->
        </classes>
    </test> <!-- annotation -->
</suite> <!-- Default Suite -->
